SF:lib\business\models\ad.dart
DA:5,1
DA:10,1
DA:15,1
DA:18,1
DA:21,1
DA:24,1
LF:6
LH:6
end_of_record
SF:lib\business\models\model.dart
DA:18,12
DA:24,12
DA:27,1
DA:28,2
DA:31,1
DA:32,1
DA:33,1
DA:34,5
DA:35,3
DA:39,2
DA:40,2
DA:43,1
DA:44,1
DA:48,1
DA:50,4
DA:51,1
DA:52,1
DA:53,1
DA:56,4
DA:58,2
DA:60,4
DA:61,1
DA:65,1
DA:66,2
DA:69,1
DA:70,1
DA:73,1
DA:74,3
DA:78,1
DA:79,3
DA:84,1
DA:86,3
DA:88,1
DA:94,1
DA:96,3
DA:98,0
DA:99,0
DA:101,0
DA:102,0
DA:108,1
DA:113,3
DA:117,0
DA:119,0
DA:121,0
DA:122,0
DA:124,1
DA:125,0
DA:126,0
DA:127,0
DA:133,1
DA:134,1
DA:136,2
DA:137,5
DA:142,1
DA:143,3
LF:55
LH:44
end_of_record
SF:lib\business\models\interfaces\json_able.dart
DA:9,17
LF:1
LH:1
end_of_record
SF:lib\business\models\picture.dart
DA:11,2
DA:19,2
DA:32,2
DA:33,2
DA:34,2
DA:35,2
DA:36,2
DA:38,2
DA:39,2
DA:40,1
DA:42,4
DA:43,2
DA:46,2
DA:47,2
DA:48,2
DA:49,2
DA:50,2
DA:51,2
DA:52,2
DA:53,1
DA:55,5
DA:58,1
DA:60,1
DA:61,5
DA:62,0
LF:25
LH:24
end_of_record
SF:lib\business\models\picture\action.dart
DA:13,2
DA:18,2
DA:19,2
DA:20,2
DA:21,2
DA:22,4
DA:26,4
DA:27,3
DA:28,4
DA:29,4
DA:30,4
DA:33,4
DA:34,3
DA:35,4
DA:36,4
DA:37,4
LF:16
LH:16
end_of_record
SF:lib\business\models\response\response.dart
DA:13,15
DA:19,4
DA:20,4
DA:21,6
DA:22,2
DA:25,2
DA:26,2
DA:27,3
DA:28,4
DA:29,2
DA:34,4
DA:35,4
DA:36,4
DA:41,4
DA:43,1
DA:44,1
DA:45,4
DA:49,18
LF:18
LH:18
end_of_record
SF:lib\business\util\ad_manager.dart
DA:24,0
DA:26,0
DA:27,0
DA:29,0
DA:37,1
DA:38,1
DA:41,1
DA:58,0
DA:59,0
DA:62,0
DA:69,0
DA:70,0
DA:72,0
DA:73,0
DA:80,0
DA:81,0
DA:82,0
DA:83,0
DA:87,0
DA:91,0
DA:92,0
DA:93,0
DA:94,0
DA:95,0
DA:98,0
DA:102,0
DA:104,0
DA:105,0
DA:106,0
DA:107,0
DA:111,0
DA:113,0
DA:114,0
DA:117,0
DA:119,0
DA:120,0
DA:122,0
DA:124,0
DA:125,0
DA:126,0
DA:127,0
DA:128,0
DA:130,0
DA:137,0
DA:138,0
DA:140,0
DA:141,0
DA:143,0
DA:147,0
DA:149,0
DA:150,0
DA:151,0
DA:152,0
DA:157,0
DA:158,0
DA:159,0
DA:160,0
DA:166,0
DA:168,0
DA:169,0
DA:170,0
LF:61
LH:3
end_of_record
SF:lib\business\models\device.dart
DA:15,1
DA:16,1
DA:21,2
DA:22,2
DA:23,2
DA:24,1
DA:25,1
DA:26,0
DA:27,4
DA:30,2
DA:31,2
DA:32,2
DA:33,1
DA:34,3
LF:14
LH:13
end_of_record
SF:lib\business\util\settings.dart
DA:19,0
DA:21,0
DA:23,0
DA:25,0
DA:26,0
DA:30,0
DA:31,0
DA:32,0
DA:34,0
DA:35,0
DA:37,0
DA:38,0
DA:47,0
DA:48,0
DA:52,0
DA:56,0
DA:57,0
DA:59,0
DA:60,0
DA:61,0
DA:63,0
DA:65,0
DA:67,0
DA:74,0
DA:75,0
DA:76,0
DA:77,0
DA:78,0
DA:81,0
DA:85,0
DA:87,0
DA:88,0
DA:89,0
DA:90,0
DA:95,0
DA:96,0
DA:97,0
DA:98,0
LF:38
LH:0
end_of_record
SF:lib\ui\atoms\banner_atom.dart
DA:9,1
DA:11,1
DA:13,1
DA:14,2
DA:15,1
LF:5
LH:5
end_of_record
SF:lib\business\models\device\option.dart
DA:6,2
DA:11,2
DA:12,4
DA:21,4
DA:22,3
DA:23,4
DA:24,3
DA:25,2
DA:27,0
DA:30,4
DA:31,3
DA:32,4
DA:33,3
DA:35,2
LF:14
LH:13
end_of_record
SF:lib\business\repositories\repository.dart
DA:15,12
DA:16,24
DA:17,24
DA:22,1
DA:24,2
DA:25,1
DA:26,3
DA:27,2
DA:28,1
DA:29,0
DA:31,2
DA:36,1
DA:37,5
DA:38,4
DA:39,2
DA:40,1
DA:43,1
DA:44,5
DA:45,5
DA:46,1
DA:49,1
DA:50,1
DA:51,2
DA:52,4
DA:54,1
DA:55,2
DA:56,2
DA:61,7
DA:62,1
DA:63,3
DA:65,1
DA:66,3
DA:67,1
DA:68,3
DA:69,1
DA:70,3
DA:72,3
DA:73,3
DA:75,1
DA:77,1
DA:79,2
DA:80,2
DA:83,3
LF:43
LH:42
end_of_record
SF:lib\business\models\response\absctracts\response_meta_data_abstract.dart
DA:4,4
LF:1
LH:1
end_of_record
SF:lib\business\models\response\paginate_response.dart
DA:10,2
DA:14,2
DA:16,4
DA:17,3
DA:18,5
DA:19,3
DA:24,2
DA:38,2
DA:54,4
DA:55,3
DA:56,3
DA:57,3
DA:58,3
DA:59,3
DA:60,3
DA:61,8
DA:62,3
DA:63,3
DA:64,3
DA:65,3
DA:66,3
DA:67,3
DA:70,2
DA:71,2
DA:72,1
DA:73,2
DA:74,2
DA:75,2
DA:76,2
DA:77,6
DA:78,2
DA:79,2
DA:80,2
DA:81,2
DA:82,2
DA:83,2
DA:86,1
DA:88,1
DA:92,1
DA:102,2
DA:103,2
DA:104,1
DA:105,2
DA:108,2
DA:109,2
DA:110,1
DA:111,2
DA:114,1
DA:116,1
LF:49
LH:49
end_of_record
SF:lib\business\models\response\simple_paginate_response.dart
DA:9,2
DA:13,2
DA:15,4
DA:16,3
DA:17,5
DA:18,2
DA:21,2
DA:22,2
DA:23,3
DA:24,1
DA:38,2
DA:48,2
DA:50,4
DA:51,2
DA:52,3
DA:53,2
DA:54,2
DA:55,2
DA:56,2
DA:57,2
DA:58,2
DA:59,2
DA:62,2
DA:63,2
DA:64,6
DA:65,2
DA:66,2
DA:67,2
DA:68,2
DA:69,2
DA:70,1
DA:71,2
DA:76,1
LF:33
LH:33
end_of_record
SF:lib\business\providers\api_provider.dart
DA:12,13
DA:13,25
DA:14,25
DA:15,25
DA:16,13
DA:20,1
DA:21,2
DA:23,3
DA:26,4
DA:27,2
DA:28,1
DA:30,1
DA:38,1
DA:39,2
DA:40,1
DA:41,3
DA:42,3
DA:45,4
DA:46,2
DA:47,1
DA:49,2
DA:50,3
DA:58,1
DA:59,2
DA:60,1
DA:61,3
DA:62,3
DA:65,4
DA:66,2
DA:67,1
DA:69,2
DA:70,3
DA:78,1
DA:79,2
DA:80,1
DA:81,3
DA:84,4
DA:85,2
DA:86,1
DA:88,2
DA:89,3
LF:41
LH:41
end_of_record
SF:lib\business\models\action.dart
DA:10,2
DA:14,2
DA:20,2
DA:21,1
DA:22,1
DA:23,1
DA:26,2
DA:27,2
DA:28,2
DA:29,2
DA:32,1
DA:34,1
DA:37,1
DA:39,1
DA:42,1
DA:44,3
DA:47,1
LF:17
LH:17
end_of_record
SF:lib\business\models\mixins\section_mixin.dart
DA:33,1
DA:34,1
DA:37,1
DA:38,1
DA:39,3
DA:42,1
DA:43,1
DA:44,3
LF:8
LH:8
end_of_record
SF:lib\ui\themes\custom_colors.dart
DA:4,0
DA:5,0
DA:6,0
DA:7,0
DA:8,3
DA:9,15
DA:10,15
DA:11,15
LF:8
LH:4
end_of_record
SF:lib\ui\atoms\indicatior_atom.dart
DA:7,1
DA:9,1
DA:11,1
DA:14,1
DA:15,1
DA:17,2
LF:6
LH:6
end_of_record
SF:lib\business\models\device\log.dart
DA:10,1
DA:16,1
DA:17,2
DA:27,2
DA:28,1
DA:29,2
DA:30,1
DA:31,1
DA:33,0
DA:34,1
DA:36,2
DA:37,1
DA:38,2
DA:39,1
DA:41,1
DA:42,1
DA:45,1
DA:47,6
LF:18
LH:17
end_of_record
SF:lib\business\models\category.dart
DA:11,3
DA:17,3
DA:28,2
DA:29,2
DA:30,3
DA:31,3
DA:33,3
DA:34,3
DA:37,6
DA:38,5
DA:39,5
DA:40,5
DA:41,5
DA:45,1
DA:47,1
DA:50,1
DA:52,1
DA:55,1
DA:57,3
DA:60,1
DA:62,3
DA:65,1
DA:67,5
DA:70,1
DA:72,1
LF:25
LH:25
end_of_record
SF:lib\ui\atoms\button_atom.dart
DA:7,1
DA:9,1
DA:11,3
LF:3
LH:3
end_of_record
SF:lib\ui\atoms\center_atom.dart
DA:6,1
DA:8,1
DA:10,2
LF:3
LH:3
end_of_record
SF:lib\ui\atoms\circular_progress_indicator_atom.dart
DA:4,1
DA:6,1
LF:2
LH:2
end_of_record
SF:lib\ui\atoms\column_atom.dart
DA:9,1
DA:15,1
DA:17,1
DA:19,1
DA:20,1
DA:21,1
LF:6
LH:6
end_of_record
SF:lib\ui\atoms\fa_icon_atom.dart
DA:9,1
DA:11,1
DA:13,4
LF:3
LH:3
end_of_record
SF:lib\ui\atoms\sized_box_atom.dart
DA:7,1
DA:9,1
DA:11,1
DA:12,1
DA:13,1
LF:5
LH:5
end_of_record
SF:lib\ui\atoms\text_atom.dart
DA:9,1
DA:11,1
DA:13,1
DA:14,1
DA:16,4
LF:5
LH:5
end_of_record
