SF:lib\business\models\action.dart
DA:11,0
DA:14,2
DA:18,2
DA:24,2
DA:25,1
DA:26,1
DA:27,1
DA:30,2
DA:31,1
DA:32,1
DA:33,1
DA:36,0
DA:38,0
DA:41,1
DA:43,1
DA:46,1
DA:48,3
DA:51,0
LF:18
LH:14
end_of_record
SF:lib\business\models\mixins\section_mixin.dart
DA:24,1
DA:25,1
DA:28,1
DA:29,1
DA:30,3
DA:33,1
DA:34,1
DA:35,3
LF:8
LH:8
end_of_record
SF:lib\business\models\model.dart
DA:18,11
DA:20,11
DA:23,1
DA:24,2
DA:27,1
DA:28,0
DA:29,1
DA:30,5
DA:31,3
DA:35,1
DA:36,1
DA:39,1
DA:40,1
DA:44,1
DA:45,4
DA:46,1
DA:47,1
DA:48,1
DA:51,2
DA:53,2
DA:55,5
DA:59,1
DA:60,2
DA:63,1
DA:64,1
DA:67,1
DA:68,3
DA:72,1
DA:73,3
DA:78,1
DA:80,3
DA:82,1
DA:88,1
DA:90,3
DA:92,0
DA:93,0
DA:95,0
DA:101,1
DA:105,3
DA:109,0
DA:111,0
DA:113,0
DA:115,1
DA:116,0
DA:117,0
DA:118,0
DA:124,1
DA:125,1
DA:127,2
DA:128,5
DA:133,1
DA:134,3
LF:52
LH:42
end_of_record
SF:lib\business\models\interfaces\json_able.dart
DA:9,17
LF:1
LH:1
end_of_record
SF:lib\business\models\category.dart
DA:11,2
DA:17,2
DA:24,2
DA:25,2
DA:26,3
DA:27,3
DA:28,3
DA:29,3
DA:32,4
DA:33,4
DA:34,4
DA:35,4
DA:36,4
DA:40,1
DA:42,1
DA:45,1
DA:47,1
DA:50,1
DA:52,3
DA:55,1
DA:57,3
DA:60,1
DA:62,5
DA:65,1
DA:67,1
LF:25
LH:25
end_of_record
SF:lib\business\models\response\response.dart
DA:13,15
DA:19,4
DA:20,2
DA:21,2
DA:22,2
DA:25,2
DA:26,2
DA:27,3
DA:28,2
DA:29,2
DA:34,4
DA:35,4
DA:36,4
DA:41,0
DA:43,0
DA:44,0
DA:45,0
DA:49,17
LF:18
LH:14
end_of_record
SF:lib\business\models\device.dart
DA:15,2
DA:17,2
DA:18,2
DA:19,2
DA:20,1
DA:21,5
DA:24,2
DA:25,2
DA:26,2
DA:27,1
DA:28,3
LF:11
LH:11
end_of_record
SF:lib\business\models\device\option.dart
DA:6,2
DA:11,6
DA:18,4
DA:19,3
DA:20,4
DA:21,3
DA:22,2
DA:25,4
DA:26,3
DA:27,4
DA:28,3
DA:29,2
LF:12
LH:12
end_of_record
SF:lib\ui\themes\custom_colors.dart
DA:4,0
DA:5,0
DA:6,0
DA:7,0
DA:8,0
DA:9,12
DA:10,12
DA:11,12
LF:8
LH:3
end_of_record
SF:lib\business\repositories\repository.dart
DA:15,12
DA:16,23
DA:17,24
DA:22,0
DA:24,0
DA:25,0
DA:26,0
DA:27,0
DA:28,0
DA:29,0
DA:31,0
DA:36,1
DA:37,5
DA:38,4
DA:39,2
DA:40,1
DA:43,0
DA:44,0
DA:45,0
DA:46,0
DA:49,0
DA:50,0
DA:51,0
DA:52,0
DA:54,0
DA:55,0
DA:56,0
DA:61,0
DA:62,0
DA:63,0
DA:66,0
DA:67,0
DA:68,0
DA:69,0
DA:70,0
DA:71,0
DA:73,0
DA:74,0
DA:76,0
DA:78,0
DA:80,0
DA:81,0
DA:84,0
LF:43
LH:8
end_of_record
SF:lib\business\models\response\absctracts\response_meta_data_abstract.dart
DA:6,0
DA:7,0
LF:2
LH:0
end_of_record
SF:lib\business\models\response\paginate_response.dart
DA:10,1
DA:14,1
DA:16,2
DA:17,1
DA:18,1
DA:19,1
DA:24,0
DA:38,0
DA:54,0
DA:56,0
DA:58,0
DA:59,0
DA:60,0
DA:61,0
DA:62,0
DA:63,0
DA:64,0
DA:65,0
DA:66,0
DA:67,0
DA:68,0
DA:69,0
DA:70,0
DA:71,0
DA:74,0
DA:75,0
DA:76,0
DA:77,0
DA:78,0
DA:79,0
DA:80,0
DA:81,0
DA:82,0
DA:83,0
DA:84,0
DA:85,0
DA:86,0
DA:87,0
DA:92,0
DA:102,0
DA:104,0
DA:106,0
DA:107,0
DA:108,0
DA:109,0
DA:112,0
DA:113,0
DA:114,0
DA:115,0
LF:49
LH:6
end_of_record
SF:lib\business\models\response\simple_paginate_response.dart
DA:11,1
DA:15,1
DA:17,2
DA:18,1
DA:19,1
DA:20,1
DA:23,2
DA:24,1
DA:25,1
DA:26,1
DA:40,0
DA:50,0
DA:52,0
DA:54,0
DA:55,0
DA:56,0
DA:57,0
DA:58,0
DA:59,0
DA:60,0
DA:61,0
DA:62,0
DA:63,0
DA:66,0
DA:67,0
DA:68,0
DA:69,0
DA:70,0
DA:71,0
DA:72,0
DA:73,0
DA:74,0
DA:75,0
DA:80,0
DA:102,0
DA:104,0
DA:106,0
DA:107,0
DA:108,0
DA:109,0
DA:110,0
DA:111,0
DA:112,0
DA:113,0
DA:114,0
DA:115,0
DA:118,0
DA:119,0
DA:120,0
DA:121,0
DA:122,0
DA:123,0
DA:124,0
DA:125,0
DA:126,0
DA:127,0
LF:56
LH:10
end_of_record
SF:lib\business\providers\api_provider.dart
DA:12,12
DA:13,23
DA:14,23
DA:15,23
DA:16,12
DA:20,1
DA:21,2
DA:23,3
DA:26,4
DA:27,2
DA:28,1
DA:30,1
DA:38,1
DA:39,2
DA:40,1
DA:41,3
DA:42,3
DA:44,4
DA:45,2
DA:46,1
DA:48,5
DA:55,1
DA:56,2
DA:57,1
DA:58,3
DA:59,3
DA:61,4
DA:62,2
DA:63,1
DA:65,5
DA:72,1
DA:73,2
DA:74,1
DA:75,3
DA:77,4
DA:78,2
DA:79,1
DA:81,5
LF:38
LH:38
end_of_record
SF:lib\business\models\ad.dart
DA:5,1
DA:10,1
DA:15,1
DA:18,1
DA:21,1
DA:24,1
LF:6
LH:6
end_of_record
SF:lib\business\models\device\log.dart
DA:10,1
DA:16,3
DA:24,2
DA:25,1
DA:26,2
DA:27,1
DA:28,1
DA:29,1
DA:31,2
DA:32,1
DA:33,2
DA:34,1
DA:35,1
DA:36,1
DA:39,1
DA:41,6
LF:16
LH:16
end_of_record
SF:lib\business\models\picture.dart
DA:11,2
DA:19,2
DA:29,2
DA:30,1
DA:31,1
DA:32,1
DA:33,1
DA:34,1
DA:35,1
DA:36,1
DA:39,2
DA:40,2
DA:41,2
DA:42,2
DA:43,2
DA:44,2
DA:45,2
DA:46,6
DA:49,1
DA:51,1
DA:52,5
LF:21
LH:21
end_of_record
SF:lib\business\models\picture\action.dart
DA:13,2
DA:18,12
DA:20,2
DA:21,1
DA:22,2
DA:23,2
DA:24,2
DA:27,4
DA:28,3
DA:29,4
DA:30,4
DA:31,4
LF:12
LH:12
end_of_record
